<?xml version="1.0" encoding="UTF-8"?>
<!-- Generated by org.testng.reporters.JUnitXMLReporter -->
<testsuite ignored="0" hostname="Vishnu" failures="3" tests="5" name="OpenCartTest" time="113.17" errors="0" timestamp="2023-11-10T18:29:25 IST">
  <testcase classname="testCases.TC_003_LoginDDTest" name="login_DDTest" time="8.012"/>
  <testcase classname="testCases.TC_003_LoginDDTest" name="login_DDTest" time="23.654">
    <failure type="java.lang.AssertionError" message="null">
      <![CDATA[java.lang.AssertionError: null
at testCases.TC_003_LoginDDTest.login_DDTest(TC_003_LoginDDTest.java:62)
at java.base/java.util.ArrayList.forEach(ArrayList.java:1511)
... Removed 31 stack frames]]>
    </failure>
  </testcase> <!-- login_DDTest -->
  <testcase classname="testCases.TC_003_LoginDDTest" name="login_DDTest" time="22.143">
    <failure type="java.lang.AssertionError" message="null">
      <![CDATA[java.lang.AssertionError: null
at testCases.TC_003_LoginDDTest.login_DDTest(TC_003_LoginDDTest.java:62)
at java.base/java.util.ArrayList.forEach(ArrayList.java:1511)
... Removed 31 stack frames]]>
    </failure>
  </testcase> <!-- login_DDTest -->
  <testcase classname="testCases.TC_003_LoginDDTest" name="login_DDTest" time="23.278">
    <failure type="java.lang.AssertionError" message="null">
      <![CDATA[java.lang.AssertionError: null
at testCases.TC_003_LoginDDTest.login_DDTest(TC_003_LoginDDTest.java:62)
at java.base/java.util.ArrayList.forEach(ArrayList.java:1511)
... Removed 31 stack frames]]>
    </failure>
  </testcase> <!-- login_DDTest -->
  <testcase classname="testCases.TC_003_LoginDDTest" name="login_DDTest" time="2.694"/>
</testsuite> <!-- OpenCartTest -->
