<?xml version="1.0" encoding="UTF-8"?>
<testng-results ignored="1" total="2" passed="1" failed="0" skipped="0">
  <reporter-output>
  </reporter-output>
  <suite started-at="2023-11-10T14:31:04 IST" name="OpenCartSuite" finished-at="2023-11-10T14:31:22 IST" duration-ms="18079">
    <groups>
      <group name="Master">
        <method signature="TC_002_LoginTest.testlogin()[pri:0, instance:testCases.TC_002_LoginTest@201a4587]" name="testlogin" class="testCases.TC_002_LoginTest"/>
      </group> <!-- Master -->
      <group name="Sanity">
        <method signature="TC_002_LoginTest.testlogin()[pri:0, instance:testCases.TC_002_LoginTest@201a4587]" name="testlogin" class="testCases.TC_002_LoginTest"/>
      </group> <!-- Sanity -->
    </groups>
    <test started-at="2023-11-10T14:31:04 IST" name="OpenCartTest" finished-at="2023-11-10T14:31:22 IST" duration-ms="18079">
      <class name="testCases.TC_002_LoginTest">
        <test-method is-config="true" signature="setup(java.lang.String)[pri:0, instance:testCases.TC_002_LoginTest@201a4587]" started-at="2023-11-10T14:31:04 IST" name="setup" finished-at="2023-11-10T14:31:12 IST" duration-ms="7901" status="PASS">
          <params>
            <param index="0">
              <value>
                <![CDATA[chrome]]>
              </value>
            </param>
          </params>
          <reporter-output>
          </reporter-output>
        </test-method> <!-- setup -->
        <test-method signature="testlogin()[pri:0, instance:testCases.TC_002_LoginTest@201a4587]" started-at="2023-11-10T14:31:12 IST" name="testlogin" finished-at="2023-11-10T14:31:22 IST" duration-ms="9402" status="PASS">
          <reporter-output>
          </reporter-output>
        </test-method> <!-- testlogin -->
        <test-method is-config="true" signature="logout()[pri:0, instance:testCases.TC_002_LoginTest@201a4587]" started-at="2023-11-10T14:31:22 IST" name="logout" finished-at="2023-11-10T14:31:22 IST" duration-ms="248" status="PASS">
          <reporter-output>
          </reporter-output>
        </test-method> <!-- logout -->
      </class> <!-- testCases.TC_002_LoginTest -->
    </test> <!-- OpenCartTest -->
  </suite> <!-- OpenCartSuite -->
</testng-results>
