<?xml version="1.0" encoding="UTF-8"?>
<!-- Generated by org.testng.reporters.JUnitXMLReporter -->
<testsuite ignored="1" hostname="Vishnu" failures="0" tests="1" name="OpenCartTest" time="18.079" errors="0" timestamp="2023-11-10T14:31:22 IST">
  <testcase classname="testCases.TC_002_LoginTest" name="testlogin" time="9.402"/>
  <testcase classname="testCases.Tc_001_AccountRegistration" name="test_account_registration" time="0.0">
    <ignored/>
  </testcase> <!-- test_account_registration -->
</testsuite> <!-- OpenCartTest -->
